
2013-10-29:
##########################################################################################
etx_v3.1.2: add support for MC20E




2013-11-01
##########################################################################################
previous 3.1.2 is ok for cli mis-behavior
               also ok for snmp update

etx_v3.2: 
1. add support for etxconfig
2. add support for cli "xxx"

etx_v3.2_p1020
1. add support for p1020




2014-03-08:
##########################################################################################
remove some "" in some commands
暂不支持自动识别板卡类型并加载相应驱动的功能。留到3.4版本实现。
目前支持的编译开关包括：
BUILD_MC10P_FLOW		华为的版本
BUILD_MC20P_GTP			20P GTP版本
BUILD_MC20E					网宿版本




2014-03-29:
##########################################################################################
etx_v3.3.2_p1020
增加2.5POS子卡的支持。




2014-04-16:
##########################################################################################
etx_v3.3.3_p1020
增加查看POS接口状态的DEBUG程序；




2014-04-29:
##########################################################################################
etx_v3.4
支持新META子卡，能自动识别板卡类型（？）。




2014-05-19:
##########################################################################################
etx_v3.5
支持QT20（将BYPASS_CTL功能加入到CLI界面下）。
修改3.4大包里面的测试BUG；




2014-07-18:
##########################################################################################
etx_v3.5.3
原先P1020的CPU上已经停止升级软件，但是ATCA1400卡上所用的CPU仍然是这个，所以继续升级一下。
但是这个版本不会用到我们的分流器产品上。



